mode: set
github.com/roeej/morpheus/lib.go:34.103,35.15 1 1
github.com/roeej/morpheus/lib.go:35.15,37.3 1 1
github.com/roeej/morpheus/lib.go:38.2,38.30 1 1
github.com/roeej/morpheus/lib.go:38.30,40.3 1 1
github.com/roeej/morpheus/lib.go:41.2,41.43 1 1
github.com/roeej/morpheus/lib.go:41.43,43.3 1 1
github.com/roeej/morpheus/lib.go:44.2,57.16 3 1
github.com/roeej/morpheus/lib.go:57.16,59.3 1 1
github.com/roeej/morpheus/lib.go:60.2,61.18 2 1
github.com/roeej/morpheus/lib.go:64.72,65.15 1 1
github.com/roeej/morpheus/lib.go:65.15,67.3 1 1
github.com/roeej/morpheus/lib.go:68.2,68.16 1 1
github.com/roeej/morpheus/lib.go:68.16,70.3 1 1
github.com/roeej/morpheus/lib.go:71.2,72.16 2 1
github.com/roeej/morpheus/lib.go:72.16,74.3 1 1
github.com/roeej/morpheus/lib.go:75.2,76.61 2 1
github.com/roeej/morpheus/lib.go:79.69,80.34 1 1
github.com/roeej/morpheus/lib.go:80.34,82.3 1 1
github.com/roeej/morpheus/lib.go:83.2,84.21 2 1
github.com/roeej/morpheus/lib.go:84.21,87.3 2 1
github.com/roeej/morpheus/lib.go:88.2,89.16 2 1
github.com/roeej/morpheus/lib.go:89.16,91.3 1 1
github.com/roeej/morpheus/lib.go:92.2,93.12 2 1
github.com/roeej/morpheus/lib.go:96.67,101.2 1 1
github.com/roeej/morpheus/lib.go:103.80,104.15 1 1
github.com/roeej/morpheus/lib.go:104.15,106.3 1 1
github.com/roeej/morpheus/lib.go:107.2,107.16 1 1
github.com/roeej/morpheus/lib.go:107.16,109.3 1 1
github.com/roeej/morpheus/lib.go:110.2,110.31 1 1
github.com/roeej/morpheus/lib.go:113.80,114.15 1 1
github.com/roeej/morpheus/lib.go:114.15,116.3 1 1
github.com/roeej/morpheus/lib.go:117.2,117.37 1 1
github.com/roeej/morpheus/lib.go:120.68,121.15 1 1
github.com/roeej/morpheus/lib.go:121.15,123.3 1 1
github.com/roeej/morpheus/lib.go:124.2,124.16 1 1
github.com/roeej/morpheus/lib.go:124.16,126.3 1 1
github.com/roeej/morpheus/lib.go:127.2,127.35 1 1
github.com/roeej/morpheus/lib.go:127.35,128.22 1 1
github.com/roeej/morpheus/lib.go:128.22,130.18 2 1
github.com/roeej/morpheus/lib.go:130.18,132.5 1 1
github.com/roeej/morpheus/lib.go:135.2,135.12 1 1
github.com/roeej/morpheus/lib.go:146.94,147.43 1 1
github.com/roeej/morpheus/lib.go:147.43,149.3 1 1
github.com/roeej/morpheus/lib.go:150.2,151.18 2 1
github.com/roeej/morpheus/lib.go:151.18,153.3 1 1
github.com/roeej/morpheus/lib.go:153.8,154.55 1 1
github.com/roeej/morpheus/lib.go:154.55,158.4 3 1
github.com/roeej/morpheus/lib.go:160.2,162.16 3 1
github.com/roeej/morpheus/lib.go:162.16,164.3 1 1
github.com/roeej/morpheus/lib.go:165.2,174.8 1 1
github.com/roeej/morpheus/lib.go:176.25,180.2 3 1
